{"/home/fandy/CODING/PROJECTS/Parking  Lot NodeJs/class/Car.js": {"path":"/home/fandy/CODING/PROJECTS/Parking  Lot NodeJs/class/Car.js","statementMap":{"0":{"start":{"line":3,"column":4},"end":{"line":3,"column":23}},"1":{"start":{"line":6,"column":0},"end":{"line":6,"column":18}}},"fnMap":{"0":{"name":"Car","decl":{"start":{"line":2,"column":9},"end":{"line":2,"column":12}},"loc":{"start":{"line":2,"column":21},"end":{"line":4,"column":1}},"line":2}},"branchMap":{},"s":{"0":6,"1":1},"f":{"0":6},"b":{},"_coverageSchema":"1a1c01bbd47fc00a2c39e90264f33305004495a9","hash":"b665698dc524238d0f0ac28646ac2449c21c89e6"}
,"/home/fandy/CODING/PROJECTS/Parking  Lot NodeJs/class/ParkingLot.js": {"path":"/home/fandy/CODING/PROJECTS/Parking  Lot NodeJs/class/ParkingLot.js","statementMap":{"0":{"start":{"line":2,"column":11},"end":{"line":2,"column":27}},"1":{"start":{"line":3,"column":22},"end":{"line":3,"column":55}},"2":{"start":{"line":7,"column":4},"end":{"line":7,"column":20}},"3":{"start":{"line":10,"column":0},"end":{"line":15,"column":3}},"4":{"start":{"line":11,"column":4},"end":{"line":11,"column":36}},"5":{"start":{"line":12,"column":4},"end":{"line":13,"column":46}},"6":{"start":{"line":12,"column":15},"end":{"line":12,"column":16}},"7":{"start":{"line":13,"column":8},"end":{"line":13,"column":46}},"8":{"start":{"line":14,"column":4},"end":{"line":14,"column":65}},"9":{"start":{"line":18,"column":0},"end":{"line":31,"column":1}},"10":{"start":{"line":19,"column":16},"end":{"line":19,"column":65}},"11":{"start":{"line":19,"column":40},"end":{"line":19,"column":57}},"12":{"start":{"line":20,"column":2},"end":{"line":30,"column":5}},"13":{"start":{"line":21,"column":6},"end":{"line":27,"column":7}},"14":{"start":{"line":21,"column":17},"end":{"line":21,"column":18}},"15":{"start":{"line":22,"column":8},"end":{"line":26,"column":9}},"16":{"start":{"line":23,"column":21},"end":{"line":23,"column":39}},"17":{"start":{"line":24,"column":12},"end":{"line":24,"column":42}},"18":{"start":{"line":25,"column":12},"end":{"line":25,"column":51}},"19":{"start":{"line":29,"column":8},"end":{"line":29,"column":43}},"20":{"start":{"line":33,"column":0},"end":{"line":42,"column":1}},"21":{"start":{"line":34,"column":2},"end":{"line":39,"column":3}},"22":{"start":{"line":34,"column":13},"end":{"line":34,"column":14}},"23":{"start":{"line":35,"column":4},"end":{"line":38,"column":5}},"24":{"start":{"line":36,"column":8},"end":{"line":36,"column":34}},"25":{"start":{"line":37,"column":8},"end":{"line":37,"column":130}},"26":{"start":{"line":40,"column":2},"end":{"line":40,"column":53}},"27":{"start":{"line":44,"column":0},"end":{"line":54,"column":1}},"28":{"start":{"line":45,"column":16},"end":{"line":45,"column":62}},"29":{"start":{"line":45,"column":44},"end":{"line":45,"column":61}},"30":{"start":{"line":46,"column":15},"end":{"line":46,"column":17}},"31":{"start":{"line":47,"column":6},"end":{"line":52,"column":7}},"32":{"start":{"line":47,"column":17},"end":{"line":47,"column":18}},"33":{"start":{"line":48,"column":10},"end":{"line":51,"column":52}},"34":{"start":{"line":49,"column":12},"end":{"line":49,"column":57}},"35":{"start":{"line":51,"column":12},"end":{"line":51,"column":52}},"36":{"start":{"line":53,"column":6},"end":{"line":53,"column":60}},"37":{"start":{"line":56,"column":0},"end":{"line":56,"column":25}}},"fnMap":{"0":{"name":"ParkingLot","decl":{"start":{"line":6,"column":9},"end":{"line":6,"column":19}},"loc":{"start":{"line":6,"column":30},"end":{"line":8,"column":1}},"line":6},"1":{"name":"(anonymous_1)","decl":{"start":{"line":10,"column":39},"end":{"line":10,"column":40}},"loc":{"start":{"line":10,"column":64},"end":{"line":15,"column":3}},"line":10},"2":{"name":"(anonymous_2)","decl":{"start":{"line":18,"column":31},"end":{"line":18,"column":32}},"loc":{"start":{"line":18,"column":51},"end":{"line":31,"column":1}},"line":18},"3":{"name":"(anonymous_3)","decl":{"start":{"line":19,"column":34},"end":{"line":19,"column":35}},"loc":{"start":{"line":19,"column":40},"end":{"line":19,"column":57}},"line":19},"4":{"name":"(anonymous_4)","decl":{"start":{"line":33,"column":32},"end":{"line":33,"column":33}},"loc":{"start":{"line":33,"column":58},"end":{"line":42,"column":1}},"line":33},"5":{"name":"(anonymous_5)","decl":{"start":{"line":44,"column":35},"end":{"line":44,"column":36}},"loc":{"start":{"line":44,"column":45},"end":{"line":54,"column":1}},"line":44},"6":{"name":"(anonymous_6)","decl":{"start":{"line":45,"column":34},"end":{"line":45,"column":35}},"loc":{"start":{"line":45,"column":44},"end":{"line":45,"column":61}},"line":45}},"branchMap":{"0":{"loc":{"start":{"line":6,"column":20},"end":{"line":6,"column":28}},"type":"default-arg","locations":[{"start":{"line":6,"column":26},"end":{"line":6,"column":28}}],"line":6},"1":{"loc":{"start":{"line":20,"column":2},"end":{"line":30,"column":5}},"type":"if","locations":[{"start":{"line":20,"column":2},"end":{"line":30,"column":5}},{"start":{"line":20,"column":2},"end":{"line":30,"column":5}}],"line":20},"2":{"loc":{"start":{"line":22,"column":8},"end":{"line":26,"column":9}},"type":"if","locations":[{"start":{"line":22,"column":8},"end":{"line":26,"column":9}},{"start":{"line":22,"column":8},"end":{"line":26,"column":9}}],"line":22},"3":{"loc":{"start":{"line":35,"column":4},"end":{"line":38,"column":5}},"type":"if","locations":[{"start":{"line":35,"column":4},"end":{"line":38,"column":5}},{"start":{"line":35,"column":4},"end":{"line":38,"column":5}}],"line":35},"4":{"loc":{"start":{"line":48,"column":10},"end":{"line":51,"column":52}},"type":"if","locations":[{"start":{"line":48,"column":10},"end":{"line":51,"column":52}},{"start":{"line":48,"column":10},"end":{"line":51,"column":52}}],"line":48}},"s":{"0":1,"1":1,"2":1,"3":1,"4":1,"5":1,"6":1,"7":6,"8":1,"9":1,"10":6,"11":36,"12":6,"13":6,"14":6,"15":21,"16":6,"17":6,"18":6,"19":0,"20":1,"21":1,"22":1,"23":6,"24":1,"25":1,"26":0,"27":1,"28":1,"29":6,"30":1,"31":1,"32":1,"33":5,"34":4,"35":1,"36":1,"37":1},"f":{"0":1,"1":1,"2":6,"3":36,"4":1,"5":1,"6":6},"b":{"0":[1],"1":[6,0],"2":[6,15],"3":[1,5],"4":[4,1]},"_coverageSchema":"1a1c01bbd47fc00a2c39e90264f33305004495a9","hash":"b596466f29307015c8d67701e40ebaa4b7e74245"}
,"/home/fandy/CODING/PROJECTS/Parking  Lot NodeJs/utils/parkingCharge.js": {"path":"/home/fandy/CODING/PROJECTS/Parking  Lot NodeJs/utils/parkingCharge.js","statementMap":{"0":{"start":{"line":3,"column":4},"end":{"line":3,"column":40}},"1":{"start":{"line":6,"column":0},"end":{"line":6,"column":29}}},"fnMap":{"0":{"name":"parkingCharge","decl":{"start":{"line":2,"column":9},"end":{"line":2,"column":22}},"loc":{"start":{"line":2,"column":30},"end":{"line":4,"column":3}},"line":2}},"branchMap":{"0":{"loc":{"start":{"line":3,"column":12},"end":{"line":3,"column":39}},"type":"cond-expr","locations":[{"start":{"line":3,"column":21},"end":{"line":3,"column":23}},{"start":{"line":3,"column":24},"end":{"line":3,"column":39}}],"line":3}},"s":{"0":4,"1":2},"f":{"0":4},"b":{"0":[1,3]},"_coverageSchema":"1a1c01bbd47fc00a2c39e90264f33305004495a9","hash":"93465c104b4b57fa851fa10a0056c91916f13d79"}
}
