TN:
SF:class/Car.js
FN:2,Car
FNF:1
FNH:1
FNDA:6,Car
DA:3,6
DA:6,1
LF:2
LH:2
BRF:0
BRH:0
end_of_record
TN:
SF:class/ParkingLot.js
FN:6,ParkingLot
FN:10,(anonymous_1)
FN:18,(anonymous_2)
FN:19,(anonymous_3)
FN:33,(anonymous_4)
FN:44,(anonymous_5)
FN:45,(anonymous_6)
FNF:7
FNH:7
FNDA:1,ParkingLot
FNDA:1,(anonymous_1)
FNDA:6,(anonymous_2)
FNDA:36,(anonymous_3)
FNDA:1,(anonymous_4)
FNDA:1,(anonymous_5)
FNDA:6,(anonymous_6)
DA:2,1
DA:3,1
DA:7,1
DA:10,1
DA:11,1
DA:12,1
DA:13,6
DA:14,1
DA:18,1
DA:19,36
DA:20,6
DA:21,6
DA:22,21
DA:23,6
DA:24,6
DA:25,6
DA:29,0
DA:33,1
DA:34,1
DA:35,6
DA:36,1
DA:37,1
DA:40,0
DA:44,1
DA:45,6
DA:46,1
DA:47,1
DA:48,5
DA:49,4
DA:51,1
DA:53,1
DA:56,1
LF:32
LH:30
BRDA:6,0,0,1
BRDA:20,1,0,6
BRDA:20,1,1,0
BRDA:22,2,0,6
BRDA:22,2,1,15
BRDA:35,3,0,1
BRDA:35,3,1,5
BRDA:48,4,0,4
BRDA:48,4,1,1
BRF:9
BRH:8
end_of_record
TN:
SF:utils/parkingCharge.js
FN:2,parkingCharge
FNF:1
FNH:1
FNDA:4,parkingCharge
DA:3,4
DA:6,2
LF:2
LH:2
BRDA:3,0,0,1
BRDA:3,0,1,3
BRF:2
BRH:2
end_of_record
